{"trial_id": "0", "hyperparameters": {"space": [{"class_name": "Choice", "config": {"name": "filters", "default": 32, "conditions": [], "values": [32, 64, 128], "ordered": true}}, {"class_name": "Choice", "config": {"name": "kernel_size", "default": 2, "conditions": [], "values": [2, 3], "ordered": true}}, {"class_name": "Choice", "config": {"name": "lstm_units", "default": 32, "conditions": [], "values": [32, 64, 128], "ordered": true}}, {"class_name": "Choice", "config": {"name": "dense_units", "default": 32, "conditions": [], "values": [32, 64, 128], "ordered": true}}, {"class_name": "Choice", "config": {"name": "dropout", "default": 0.2, "conditions": [], "values": [0.2, 0.3, 0.4], "ordered": true}}, {"class_name": "Choice", "config": {"name": "lr", "default": 0.01, "conditions": [], "values": [0.01, 0.001], "ordered": true}}], "values": {"filters": 32, "kernel_size": 2, "lstm_units": 64, "dense_units": 128, "dropout": 0.4, "lr": 0.001}}, "metrics": {"metrics": {}}, "score": null, "best_step": 0, "status": "FAILED", "message": "Traceback (most recent call last):\n  File \"c:\\Users\\ASUS\\anaconda3\\Lib\\site-packages\\keras_tuner\\src\\engine\\base_tuner.py\", line 274, in _try_run_and_update_trial\n    self._run_and_update_trial(trial, *fit_args, **fit_kwargs)\n  File \"c:\\Users\\ASUS\\anaconda3\\Lib\\site-packages\\keras_tuner\\src\\engine\\base_tuner.py\", line 239, in _run_and_update_trial\n    results = self.run_trial(trial, *fit_args, **fit_kwargs)\n              ^^^^^^^^^^^^^^^^^^^^^^^^^^^^^^^^^^^^^^^^^^^^^^\n  File \"c:\\Users\\ASUS\\anaconda3\\Lib\\site-packages\\keras_tuner\\src\\engine\\tuner.py\", line 314, in run_trial\n    obj_value = self._build_and_fit_model(trial, *args, **copied_kwargs)\n                ^^^^^^^^^^^^^^^^^^^^^^^^^^^^^^^^^^^^^^^^^^^^^^^^^^^^^^^^\n  File \"c:\\Users\\ASUS\\anaconda3\\Lib\\site-packages\\keras_tuner\\src\\engine\\tuner.py\", line 233, in _build_and_fit_model\n    results = self.hypermodel.fit(hp, model, *args, **kwargs)\n              ^^^^^^^^^^^^^^^^^^^^^^^^^^^^^^^^^^^^^^^^^^^^^^^\n  File \"c:\\Users\\ASUS\\anaconda3\\Lib\\site-packages\\keras_tuner\\src\\engine\\hypermodel.py\", line 149, in fit\n    return model.fit(*args, **kwargs)\n           ^^^^^^^^^^^^^^^^^^^^^^^^^^\n  File \"c:\\Users\\ASUS\\anaconda3\\Lib\\site-packages\\keras\\src\\utils\\traceback_utils.py\", line 122, in error_handler\n    raise e.with_traceback(filtered_tb) from None\n  File \"c:\\Users\\ASUS\\anaconda3\\Lib\\site-packages\\tensorflow\\python\\eager\\execute.py\", line 59, in quick_execute\n    except TypeError as e:\ntensorflow.python.framework.errors_impl.InvalidArgumentError: Graph execution error:\n\nDetected at node gradient_tape/compile_loss/mse/sub/BroadcastGradientArgs defined at (most recent call last):\n  File \"<frozen runpy>\", line 198, in _run_module_as_main\n\n  File \"<frozen runpy>\", line 88, in _run_code\n\n  File \"c:\\Users\\ASUS\\anaconda3\\Lib\\site-packages\\ipykernel_launcher.py\", line 17, in <module>\n\n  File \"c:\\Users\\ASUS\\anaconda3\\Lib\\site-packages\\traitlets\\config\\application.py\", line 1075, in launch_instance\n\n  File \"c:\\Users\\ASUS\\anaconda3\\Lib\\site-packages\\ipykernel\\kernelapp.py\", line 701, in start\n\n  File \"c:\\Users\\ASUS\\anaconda3\\Lib\\site-packages\\tornado\\platform\\asyncio.py\", line 205, in start\n\n  File \"c:\\Users\\ASUS\\anaconda3\\Lib\\asyncio\\windows_events.py\", line 322, in run_forever\n\n  File \"c:\\Users\\ASUS\\anaconda3\\Lib\\asyncio\\base_events.py\", line 641, in run_forever\n\n  File \"c:\\Users\\ASUS\\anaconda3\\Lib\\asyncio\\base_events.py\", line 1987, in _run_once\n\n  File \"c:\\Users\\ASUS\\anaconda3\\Lib\\asyncio\\events.py\", line 88, in _run\n\n  File \"c:\\Users\\ASUS\\anaconda3\\Lib\\site-packages\\ipykernel\\kernelbase.py\", line 534, in dispatch_queue\n\n  File \"c:\\Users\\ASUS\\anaconda3\\Lib\\site-packages\\ipykernel\\kernelbase.py\", line 523, in process_one\n\n  File \"c:\\Users\\ASUS\\anaconda3\\Lib\\site-packages\\ipykernel\\kernelbase.py\", line 429, in dispatch_shell\n\n  File \"c:\\Users\\ASUS\\anaconda3\\Lib\\site-packages\\ipykernel\\kernelbase.py\", line 767, in execute_request\n\n  File \"c:\\Users\\ASUS\\anaconda3\\Lib\\site-packages\\ipykernel\\ipkernel.py\", line 429, in do_execute\n\n  File \"c:\\Users\\ASUS\\anaconda3\\Lib\\site-packages\\ipykernel\\zmqshell.py\", line 549, in run_cell\n\n  File \"c:\\Users\\ASUS\\anaconda3\\Lib\\site-packages\\IPython\\core\\interactiveshell.py\", line 3075, in run_cell\n\n  File \"c:\\Users\\ASUS\\anaconda3\\Lib\\site-packages\\IPython\\core\\interactiveshell.py\", line 3130, in _run_cell\n\n  File \"c:\\Users\\ASUS\\anaconda3\\Lib\\site-packages\\IPython\\core\\async_helpers.py\", line 128, in _pseudo_sync_runner\n\n  File \"c:\\Users\\ASUS\\anaconda3\\Lib\\site-packages\\IPython\\core\\interactiveshell.py\", line 3334, in run_cell_async\n\n  File \"c:\\Users\\ASUS\\anaconda3\\Lib\\site-packages\\IPython\\core\\interactiveshell.py\", line 3517, in run_ast_nodes\n\n  File \"c:\\Users\\ASUS\\anaconda3\\Lib\\site-packages\\IPython\\core\\interactiveshell.py\", line 3577, in run_code\n\n  File \"C:\\Users\\ASUS\\AppData\\Local\\Temp\\ipykernel_46844\\1930527145.py\", line 34, in <module>\n\n  File \"c:\\Users\\ASUS\\anaconda3\\Lib\\site-packages\\keras_tuner\\src\\engine\\base_tuner.py\", line 234, in search\n\n  File \"c:\\Users\\ASUS\\anaconda3\\Lib\\site-packages\\keras_tuner\\src\\engine\\base_tuner.py\", line 274, in _try_run_and_update_trial\n\n  File \"c:\\Users\\ASUS\\anaconda3\\Lib\\site-packages\\keras_tuner\\src\\engine\\base_tuner.py\", line 239, in _run_and_update_trial\n\n  File \"c:\\Users\\ASUS\\anaconda3\\Lib\\site-packages\\keras_tuner\\src\\engine\\tuner.py\", line 314, in run_trial\n\n  File \"c:\\Users\\ASUS\\anaconda3\\Lib\\site-packages\\keras_tuner\\src\\engine\\tuner.py\", line 233, in _build_and_fit_model\n\n  File \"c:\\Users\\ASUS\\anaconda3\\Lib\\site-packages\\keras_tuner\\src\\engine\\hypermodel.py\", line 149, in fit\n\n  File \"c:\\Users\\ASUS\\anaconda3\\Lib\\site-packages\\keras\\src\\utils\\traceback_utils.py\", line 117, in error_handler\n\n  File \"c:\\Users\\ASUS\\anaconda3\\Lib\\site-packages\\keras\\src\\backend\\tensorflow\\trainer.py\", line 377, in fit\n\n  File \"c:\\Users\\ASUS\\anaconda3\\Lib\\site-packages\\keras\\src\\backend\\tensorflow\\trainer.py\", line 220, in function\n\n  File \"c:\\Users\\ASUS\\anaconda3\\Lib\\site-packages\\keras\\src\\backend\\tensorflow\\trainer.py\", line 133, in multi_step_on_iterator\n\n  File \"c:\\Users\\ASUS\\anaconda3\\Lib\\site-packages\\keras\\src\\backend\\tensorflow\\trainer.py\", line 114, in one_step_on_data\n\n  File \"c:\\Users\\ASUS\\anaconda3\\Lib\\site-packages\\keras\\src\\backend\\tensorflow\\trainer.py\", line 78, in train_step\n\nIncompatible shapes: [32] vs. [32,128]\n\t [[{{node gradient_tape/compile_loss/mse/sub/BroadcastGradientArgs}}]] [Op:__inference_multi_step_on_iterator_5373]\n"}